<?xml version="1.0" encoding="UTF-8"?>
<testng-results skipped="0" failed="0" total="1" passed="1">
  <reporter-output>
  </reporter-output>
  <suite name="Default suite" duration-ms="32507" started-at="2014-09-12T03:00:49Z" finished-at="2014-09-12T03:01:22Z">
    <groups>
    </groups>
    <test name="Default test" duration-ms="32507" started-at="2014-09-12T03:00:49Z" finished-at="2014-09-12T03:01:22Z">
      <class name="TestingAuto.WebPosTest.AddDays">
        <test-method status="PASS" signature="launchIE()[pri:0, instance:TestingAuto.WebPosTest.AddDays@6f7ce9]" name="launchIE" is-config="true" duration-ms="5658" started-at="2014-09-12T11:00:49Z" finished-at="2014-09-12T11:00:55Z">
          <reporter-output>
          </reporter-output>
        </test-method> <!-- launchIE -->
        <test-method status="PASS" signature="testAddDays()[pri:0, instance:TestingAuto.WebPosTest.AddDays@6f7ce9]" name="testAddDays" duration-ms="25703" started-at="2014-09-12T11:00:55Z" finished-at="2014-09-12T11:01:21Z">
          <reporter-output>
          </reporter-output>
        </test-method> <!-- testAddDays -->
        <test-method status="PASS" signature="afterClass()[pri:0, instance:TestingAuto.WebPosTest.AddDays@6f7ce9]" name="afterClass" is-config="true" duration-ms="1134" started-at="2014-09-12T11:01:21Z" finished-at="2014-09-12T11:01:22Z">
          <reporter-output>
          </reporter-output>
        </test-method> <!-- afterClass -->
      </class> <!-- TestingAuto.WebPosTest.AddDays -->
    </test> <!-- Default test -->
  </suite> <!-- Default suite -->
</testng-results>
