<?xml version="1.0" encoding="UTF-8"?>
<testng-results skipped="0" failed="1" total="2" passed="1">
  <reporter-output>
  </reporter-output>
  <suite name="KyleAutomation" duration-ms="73013" started-at="2014-09-16T09:11:19Z" finished-at="2014-09-16T09:12:32Z">
    <groups>
    </groups>
    <test name="Test1" duration-ms="73013" started-at="2014-09-16T09:11:19Z" finished-at="2014-09-16T09:12:32Z">
      <class name="TestingAuto.WebPosTest.AddDays">
        <test-method status="PASS" signature="launchIE()[pri:0, instance:TestingAuto.WebPosTest.AddDays@12d7a10]" name="launchIE" is-config="true" duration-ms="8859" started-at="2014-09-16T17:11:19Z" finished-at="2014-09-16T17:11:28Z">
          <reporter-output>
          </reporter-output>
        </test-method> <!-- launchIE -->
        <test-method status="PASS" signature="testAddDays()[pri:0, instance:TestingAuto.WebPosTest.AddDays@12d7a10]" name="testAddDays" duration-ms="28786" started-at="2014-09-16T17:11:28Z" finished-at="2014-09-16T17:11:57Z">
          <reporter-output>
          </reporter-output>
        </test-method> <!-- testAddDays -->
        <test-method status="PASS" signature="afterClass()[pri:0, instance:TestingAuto.WebPosTest.AddDays@12d7a10]" name="afterClass" is-config="true" duration-ms="1" started-at="2014-09-16T17:11:57Z" finished-at="2014-09-16T17:11:57Z">
          <reporter-output>
          </reporter-output>
        </test-method> <!-- afterClass -->
      </class> <!-- TestingAuto.WebPosTest.AddDays -->
      <class name="TestingAuto.WebPosTest.CashOut">
        <test-method status="PASS" signature="launchIE()[pri:0, instance:TestingAuto.WebPosTest.CashOut@a9ae05]" name="launchIE" is-config="true" duration-ms="8433" started-at="2014-09-16T17:11:57Z" finished-at="2014-09-16T17:12:05Z">
          <reporter-output>
          </reporter-output>
        </test-method> <!-- launchIE -->
        <test-method status="FAIL" signature="testCashOut()[pri:0, instance:TestingAuto.WebPosTest.CashOut@a9ae05]" name="testCashOut" duration-ms="25795" started-at="2014-09-16T17:12:05Z" finished-at="2014-09-16T17:12:31Z">
          <exception class="org.junit.ComparisonFailure">
            <message>
              <![CDATA[expected:<[]RMB 20.00> but was:<[unt: ]RMB 20.00>]]>
            </message>
            <full-stacktrace>
              <![CDATA[org.junit.ComparisonFailure: expected:<[]RMB 20.00> but was:<[unt: ]RMB 20.00>
	at org.junit.Assert.assertEquals(Assert.java:115)
	at org.junit.Assert.assertEquals(Assert.java:144)
	at TestingAuto.WebPosTest.CashOut.testCashOut(CashOut.java:65)
	at sun.reflect.NativeMethodAccessorImpl.invoke0(Native Method)
	at sun.reflect.NativeMethodAccessorImpl.invoke(NativeMethodAccessorImpl.java:39)
	at sun.reflect.DelegatingMethodAccessorImpl.invoke(DelegatingMethodAccessorImpl.java:25)
	at java.lang.reflect.Method.invoke(Method.java:597)
	at org.testng.internal.MethodInvocationHelper.invokeMethod(MethodInvocationHelper.java:84)
	at org.testng.internal.Invoker.invokeMethod(Invoker.java:714)
	at org.testng.internal.Invoker.invokeTestMethod(Invoker.java:901)
	at org.testng.internal.Invoker.invokeTestMethods(Invoker.java:1231)
	at org.testng.internal.TestMethodWorker.invokeTestMethods(TestMethodWorker.java:127)
	at org.testng.internal.TestMethodWorker.run(TestMethodWorker.java:111)
	at org.testng.TestRunner.privateRun(TestRunner.java:767)
	at org.testng.TestRunner.run(TestRunner.java:617)
	at org.testng.SuiteRunner.runTest(SuiteRunner.java:334)
	at org.testng.SuiteRunner.runSequentially(SuiteRunner.java:329)
	at org.testng.SuiteRunner.privateRun(SuiteRunner.java:291)
	at org.testng.SuiteRunner.run(SuiteRunner.java:240)
	at org.testng.SuiteRunnerWorker.runSuite(SuiteRunnerWorker.java:52)
	at org.testng.SuiteRunnerWorker.run(SuiteRunnerWorker.java:86)
	at org.testng.TestNG.runSuitesSequentially(TestNG.java:1224)
	at org.testng.TestNG.runSuitesLocally(TestNG.java:1149)
	at org.testng.TestNG.run(TestNG.java:1057)
	at org.testng.remote.RemoteTestNG.run(RemoteTestNG.java:111)
	at org.testng.remote.RemoteTestNG.initAndRun(RemoteTestNG.java:204)
	at org.testng.remote.RemoteTestNG.main(RemoteTestNG.java:175)
]]>
            </full-stacktrace>
          </exception> <!-- org.junit.ComparisonFailure -->
          <reporter-output>
          </reporter-output>
        </test-method> <!-- testCashOut -->
        <test-method status="PASS" signature="afterClass()[pri:0, instance:TestingAuto.WebPosTest.CashOut@a9ae05]" name="afterClass" is-config="true" duration-ms="1112" started-at="2014-09-16T17:12:31Z" finished-at="2014-09-16T17:12:32Z">
          <reporter-output>
          </reporter-output>
        </test-method> <!-- afterClass -->
      </class> <!-- TestingAuto.WebPosTest.CashOut -->
    </test> <!-- Test1 -->
  </suite> <!-- KyleAutomation -->
</testng-results>
