<html xmlns:math="http://exslt.org/math" xmlns:testng="http://testng.org">
   <head>
      <title>TestNG Results</title>
      <meta http-equiv="content-type" content="text/html; charset=utf-8"></meta>
      <meta http-equiv="pragma" content="no-cache"></meta>
      <meta http-equiv="cache-control" content="max-age=0"></meta>
      <meta http-equiv="cache-control" content="no-cache"></meta>
      <meta http-equiv="cache-control" content="no-store"></meta>
      <LINK rel="stylesheet" href="style.css"></LINK>
      <script type="text/javascript" src="main.js"></script>
   </head>
   <body>
      <table width="100%" style="font-size: 16px; margin-bottom: 10px;" cellspacing="1">
         <tr>
            <td width="100%">
               Test case
               
               <b>WebPosLogin test</b>
            </td>
            <td style="background-color: #FFBBBB; padding: 3px 3px 3px 0;" align="center">
               <div style="width: 50px;">1</div>
            </td>
            <td style="background-color: lightgreen; padding: 3px 3px 3px 0;" align="center">
               <div style="width: 50px;">1</div>
            </td>
            <td style="background-color: #FFFFBB; padding: 3px 3px 3px 0;" align="center">
               <div style="width: 50px;">0</div>
            </td>
            <td align="center" style="background-color: #eaf0f7; padding: 3px 3px 3px 0;">
               <div style="width: 50px;">2</div>
            </td>
            <td align="center"
                style="font-weight: bold; background-color: #eaf0f7; padding: 3px 3px 3px 0;">
               <div style="width: 50px;">50%</div>
            </td>
         </tr>
      </table>
      <div style="width: 200px;">
         <label for="groupMethodsCheckBox" style="font-weight: bold; margin: 0;">
            <input id="groupMethodsCheckBox" type="checkbox" onclick="switchTestMethodsView(this)"></input>
            Group by class
            
         </label>
         <br></br>
         <label for="methodsFilter_ALL" style="font-weight: bold; margin: 0;">
            <input id="methodsFilter_ALL" type="checkbox"
                   onclick="testMethodsFilterChanged(this, 'ALL')"></input>
            All
            
         </label>
      </div>
      <label for="methodsFilter_FAIL" style="margin-left: 20px;">
         <input id="methodsFilter_FAIL" type="checkbox"
                onclick="testMethodsFilterChanged(this, 'FAIL')"
                checked=""></input>
         Failed
         
      </label>
      <label for="methodsFilter_PASS">
         <input id="methodsFilter_PASS" type="checkbox"
                onclick="testMethodsFilterChanged(this, 'PASS')"
                checked=""></input>
         Passed
         
      </label>
      <label for="methodsFilter_SKIP">
         <input id="methodsFilter_SKIP" type="checkbox"
                onclick="testMethodsFilterChanged(this, 'SKIP')"
                checked=""></input>
         Skipped
         
      </label>
      <label for="methodsFilter_CONF">
         <input id="methodsFilter_CONF" type="checkbox"
                onclick="testMethodsFilterChanged(this, 'CONF')"></input>
         Config
         
      </label>
      <br></br>
      <div id="testMethodsByStatus">
         <table class="testMethodsTable" cellpadding="0" cellspacing="0">
            <tr class="methodsTableHeader">
               <td width="100%">Name</td>
               <td nowrap="true">Started</td>
               <td nowrap="true">Duration</td>
               <td>Exception</td>
            </tr>
            <tr id="TestingAuto.WebPosTest.LoginWebPos_testLoginWebPosFailed2_byStatus_failed_FAIL1_row"
                class="testMethodStatusFAIL">
               <td width="100%" class="firstMethodCell">
                  <a onclick="toggleDetailsVisibility('TestingAuto.WebPosTest.LoginWebPos_testLoginWebPosFailed2_byStatus_failed_FAIL1_details')">testLoginWebPosFailed2()</a>
               </td>
               <td nowrap="true">15:01:25</td>
               <td nowrap="true" align="right">1s
                  
               </td>
               <td nowrap="true">
                  <a onclick="toggleDetailsVisibility('TestingAuto.WebPosTest.LoginWebPos_testLoginWebPosFailed2_byStatus_failed_FAIL1_exception')">org.openqa.selenium.UnhandledAlertException: 
                     Modal dialog present: Confirm the exit!
                     Build info: version: '2.37.0', revision: 'a7c61cb', time: '2013-10-18 17:14:00'
                     System info: host: 'FrankWang-PC', ip: '10.100.70.144', os.name: 'Windows Vista', os.arch: 'x86', os.version: '6.1', java.version:
                     '1.6.0_10-rc2'
                     Session ID: 25459fc8-3b25-4715-8bfc-14454dcc0dbc
                     Driver info: org.openqa.selenium.ie.InternetExplorerDriver
                     Capabilities [{platform=WINDOWS, javascriptEnabled=true, elementScrollBehavior=0, enablePersistentHover=true, ignoreZoomSetting=true,
                     ie.ensureCleanSession=false, browserName=internet explorer, enableElementCacheCleanup=true, unexpectedAlertBehaviour=dismiss,
                     version=6, ie.usePerProcessProxy=false, cssSelectorsEnabled=true, ignoreProtectedModeSettings=true, requireWindowFocus=false,
                     initialBrowserUrl=http://localhost:7950/, handlesAlerts=true, ie.forceCreateProcessApi=false, nativeEvents=true, browserAttachTimeout=0,
                     ie.browserCommandLineSwitches=-private, takesScreenshot=true}]
                     
                  </a>
                   
                  
               </td>
            </tr>
            <tr>
               <td colspan="4"
                   style="padding: 0; background-color: white; border-style: none; height: 0px;">
                  <div id="TestingAuto.WebPosTest.LoginWebPos_testLoginWebPosFailed2_byStatus_failed_FAIL1_details"
                       class="testMethodDetails">
                     <div>
                        <b>Name:
                           
                        </b>testLoginWebPosFailed2
                     </div>
                     <div>
                        <b>Signature:
                           
                        </b>testLoginWebPosFailed2()[pri:0, instance:TestingAuto.WebPosTest.LoginWebPos@e5b723]
                     </div>
                     <div>
                        <b>Start time:
                           
                        </b>15:01:25
                     </div>
                     <div>
                        <b>End time:
                           
                        </b>15:01:26
                     </div>
                     <div>
                        <b>Duration:
                           
                        </b>1s
                        
                     </div>
                  </div>
               </td>
            </tr>
            <tr>
               <td colspan="4"
                   style="padding: 0; background-color: white; border-style: none; height: 0px;">
                  <div id="TestingAuto.WebPosTest.LoginWebPos_testLoginWebPosFailed2_byStatus_failed_FAIL1_exception"
                       class="testMethodDetails">
                     <pre style="padding: 5px; margin: 0;">org.openqa.selenium.UnhandledAlertException: Modal dialog present: Confirm the exit!
                        Build info: version: '2.37.0', revision: 'a7c61cb', time: '2013-10-18 17:14:00'
                        System info: host: 'FrankWang-PC', ip: '10.100.70.144', os.name: 'Windows Vista', os.arch: 'x86', os.version: '6.1', java.version:
                        '1.6.0_10-rc2'
                        Session ID: 25459fc8-3b25-4715-8bfc-14454dcc0dbc
                        Driver info: org.openqa.selenium.ie.InternetExplorerDriver
                        Capabilities [{platform=WINDOWS, javascriptEnabled=true, elementScrollBehavior=0, enablePersistentHover=true, ignoreZoomSetting=true,
                        ie.ensureCleanSession=false, browserName=internet explorer, enableElementCacheCleanup=true, unexpectedAlertBehaviour=dismiss,
                        version=6, ie.usePerProcessProxy=false, cssSelectorsEnabled=true, ignoreProtectedModeSettings=true, requireWindowFocus=false,
                        initialBrowserUrl=http://localhost:7950/, handlesAlerts=true, ie.forceCreateProcessApi=false, nativeEvents=true, browserAttachTimeout=0,
                        ie.browserCommandLineSwitches=-private, takesScreenshot=true}]
                        	at sun.reflect.NativeConstructorAccessorImpl.newInstance0(Native Method)
                        	at sun.reflect.NativeConstructorAccessorImpl.newInstance(NativeConstructorAccessorImpl.java:39)
                        	at sun.reflect.DelegatingConstructorAccessorImpl.newInstance(DelegatingConstructorAccessorImpl.java:27)
                        	at java.lang.reflect.Constructor.newInstance(Constructor.java:513)
                        	at org.openqa.selenium.remote.ErrorHandler.createThrowable(ErrorHandler.java:193)
                        	at org.openqa.selenium.remote.ErrorHandler.createUnhandledAlertException(ErrorHandler.java:174)
                        	at org.openqa.selenium.remote.ErrorHandler.throwIfResponseFailed(ErrorHandler.java:141)
                        	at org.openqa.selenium.remote.RemoteWebDriver.execute(RemoteWebDriver.java:554)
                        	at org.openqa.selenium.remote.RemoteWebDriver.get(RemoteWebDriver.java:276)
                        	at TestingAuto.WebPosTest.LoginWebPos.login(LoginWebPos.java:60)
                        	at TestingAuto.WebPosTest.LoginWebPos.testLoginWebPosFailed2(LoginWebPos.java:50)
                        	at sun.reflect.NativeMethodAccessorImpl.invoke0(Native Method)
                        	at sun.reflect.NativeMethodAccessorImpl.invoke(NativeMethodAccessorImpl.java:39)
                        	at sun.reflect.DelegatingMethodAccessorImpl.invoke(DelegatingMethodAccessorImpl.java:25)
                        	at java.lang.reflect.Method.invoke(Method.java:597)
                        	at org.testng.internal.MethodInvocationHelper.invokeMethod(MethodInvocationHelper.java:84)
                        	at org.testng.internal.Invoker.invokeMethod(Invoker.java:714)
                        	at org.testng.internal.Invoker.invokeTestMethod(Invoker.java:901)
                        	at org.testng.internal.Invoker.invokeTestMethods(Invoker.java:1231)
                        	at org.testng.internal.TestMethodWorker.invokeTestMethods(TestMethodWorker.java:127)
                        	at org.testng.internal.TestMethodWorker.run(TestMethodWorker.java:111)
                        	at org.testng.TestRunner.privateRun(TestRunner.java:767)
                        	at org.testng.TestRunner.run(TestRunner.java:617)
                        	at org.testng.SuiteRunner.runTest(SuiteRunner.java:334)
                        	at org.testng.SuiteRunner.runSequentially(SuiteRunner.java:329)
                        	at org.testng.SuiteRunner.privateRun(SuiteRunner.java:291)
                        	at org.testng.SuiteRunner.run(SuiteRunner.java:240)
                        	at org.testng.SuiteRunnerWorker.runSuite(SuiteRunnerWorker.java:52)
                        	at org.testng.SuiteRunnerWorker.run(SuiteRunnerWorker.java:86)
                        	at org.testng.TestNG.runSuitesSequentially(TestNG.java:1224)
                        	at org.testng.TestNG.runSuitesLocally(TestNG.java:1149)
                        	at org.testng.TestNG.run(TestNG.java:1057)
                        	at org.testng.remote.RemoteTestNG.run(RemoteTestNG.java:111)
                        	at org.testng.remote.RemoteTestNG.initAndRun(RemoteTestNG.java:204)
                        	at org.testng.remote.RemoteTestNG.main(RemoteTestNG.java:175)
                     </pre>
                  </div>
               </td>
            </tr>
            <tr id="TestingAuto.WebPosTest.LoginWebPos_launchIE_byStatus_passed_PASS1_row"
                class="testMethodStatusPASS testMethodStatusCONF">
               <td width="100%" class="firstMethodCell">
                  <a onclick="toggleDetailsVisibility('TestingAuto.WebPosTest.LoginWebPos_launchIE_byStatus_passed_PASS1_details')">launchIE()</a>
               </td>
               <td nowrap="true">15:01:11</td>
               <td nowrap="true" align="right">7s
                  
               </td>
               <td nowrap="true">
                   
                  
               </td>
            </tr>
            <tr>
               <td colspan="4"
                   style="padding: 0; background-color: white; border-style: none; height: 0px;">
                  <div id="TestingAuto.WebPosTest.LoginWebPos_launchIE_byStatus_passed_PASS1_details"
                       class="testMethodDetails">
                     <div>
                        <b>Name:
                           
                        </b>launchIE
                     </div>
                     <div>
                        <b>Signature:
                           
                        </b>launchIE()[pri:0, instance:TestingAuto.WebPosTest.LoginWebPos@e5b723]
                     </div>
                     <div>
                        <b>Start time:
                           
                        </b>15:01:11
                     </div>
                     <div>
                        <b>End time:
                           
                        </b>15:01:18
                     </div>
                     <div>
                        <b>Duration:
                           
                        </b>7s
                        
                     </div>
                  </div>
               </td>
            </tr>
            <tr></tr>
            <tr id="TestingAuto.WebPosTest.LoginWebPos_testLoginWebPos1_byStatus_passed_PASS2_row"
                class="testMethodStatusPASS">
               <td width="100%" class="firstMethodCell">
                  <a onclick="toggleDetailsVisibility('TestingAuto.WebPosTest.LoginWebPos_testLoginWebPos1_byStatus_passed_PASS2_details')">testLoginWebPos1()</a>
               </td>
               <td nowrap="true">15:01:18</td>
               <td nowrap="true" align="right">8s
                  
               </td>
               <td nowrap="true">
                   
                  
               </td>
            </tr>
            <tr>
               <td colspan="4"
                   style="padding: 0; background-color: white; border-style: none; height: 0px;">
                  <div id="TestingAuto.WebPosTest.LoginWebPos_testLoginWebPos1_byStatus_passed_PASS2_details"
                       class="testMethodDetails">
                     <div>
                        <b>Name:
                           
                        </b>testLoginWebPos1
                     </div>
                     <div>
                        <b>Signature:
                           
                        </b>testLoginWebPos1()[pri:0, instance:TestingAuto.WebPosTest.LoginWebPos@e5b723]
                     </div>
                     <div>
                        <b>Start time:
                           
                        </b>15:01:18
                     </div>
                     <div>
                        <b>End time:
                           
                        </b>15:01:25
                     </div>
                     <div>
                        <b>Duration:
                           
                        </b>8s
                        
                     </div>
                  </div>
               </td>
            </tr>
            <tr></tr>
            <tr id="TestingAuto.WebPosTest.LoginWebPos_afterClass_byStatus_passed_PASS3_row"
                class="testMethodStatusPASS testMethodStatusCONF">
               <td width="100%" class="firstMethodCell">
                  <a onclick="toggleDetailsVisibility('TestingAuto.WebPosTest.LoginWebPos_afterClass_byStatus_passed_PASS3_details')">afterClass()</a>
               </td>
               <td nowrap="true">15:01:26</td>
               <td nowrap="true" align="right">1s
                  
               </td>
               <td nowrap="true">
                   
                  
               </td>
            </tr>
            <tr>
               <td colspan="4"
                   style="padding: 0; background-color: white; border-style: none; height: 0px;">
                  <div id="TestingAuto.WebPosTest.LoginWebPos_afterClass_byStatus_passed_PASS3_details"
                       class="testMethodDetails">
                     <div>
                        <b>Name:
                           
                        </b>afterClass
                     </div>
                     <div>
                        <b>Signature:
                           
                        </b>afterClass()[pri:0, instance:TestingAuto.WebPosTest.LoginWebPos@e5b723]
                     </div>
                     <div>
                        <b>Start time:
                           
                        </b>15:01:26
                     </div>
                     <div>
                        <b>End time:
                           
                        </b>15:01:28
                     </div>
                     <div>
                        <b>Duration:
                           
                        </b>1s
                        
                     </div>
                  </div>
               </td>
            </tr>
            <tr></tr>
         </table>
      </div>
      <div id="testMethodsByClass" style="display: none;">
         <table class="testMethodsTable" cellpadding="0" cellspacing="0">
            <tr>
               <td colspan="4">
                  <h3 style="display: inline;">TestingAuto.WebPosTest.LoginWebPos</h3>
               </td>
            </tr>
            <tr class="methodsTableHeader">
               <td width="100%">Name</td>
               <td nowrap="true">Started</td>
               <td nowrap="true">Duration</td>
               <td>Exception</td>
            </tr>
            <tr id="TestingAuto.WebPosTest.LoginWebPos_launchIE_byClass_PASS1_row"
                class="testMethodStatusPASS testMethodStatusCONF">
               <td width="100%" class="firstMethodCell">
                  <a onclick="toggleDetailsVisibility('TestingAuto.WebPosTest.LoginWebPos_launchIE_byClass_PASS1_details')">launchIE()</a>
               </td>
               <td nowrap="true">15:01:11</td>
               <td nowrap="true" align="right">7s
                  
               </td>
               <td nowrap="true">
                   
                  
               </td>
            </tr>
            <tr>
               <td colspan="4"
                   style="padding: 0; background-color: white; border-style: none; height: 0px;">
                  <div id="TestingAuto.WebPosTest.LoginWebPos_launchIE_byClass_PASS1_details"
                       class="testMethodDetails">
                     <div>
                        <b>Name:
                           
                        </b>launchIE
                     </div>
                     <div>
                        <b>Signature:
                           
                        </b>launchIE()[pri:0, instance:TestingAuto.WebPosTest.LoginWebPos@e5b723]
                     </div>
                     <div>
                        <b>Start time:
                           
                        </b>15:01:11
                     </div>
                     <div>
                        <b>End time:
                           
                        </b>15:01:18
                     </div>
                     <div>
                        <b>Duration:
                           
                        </b>7s
                        
                     </div>
                  </div>
               </td>
            </tr>
            <tr></tr>
            <tr id="TestingAuto.WebPosTest.LoginWebPos_testLoginWebPos1_byClass_PASS2_row"
                class="testMethodStatusPASS">
               <td width="100%" class="firstMethodCell">
                  <a onclick="toggleDetailsVisibility('TestingAuto.WebPosTest.LoginWebPos_testLoginWebPos1_byClass_PASS2_details')">testLoginWebPos1()</a>
               </td>
               <td nowrap="true">15:01:18</td>
               <td nowrap="true" align="right">8s
                  
               </td>
               <td nowrap="true">
                   
                  
               </td>
            </tr>
            <tr>
               <td colspan="4"
                   style="padding: 0; background-color: white; border-style: none; height: 0px;">
                  <div id="TestingAuto.WebPosTest.LoginWebPos_testLoginWebPos1_byClass_PASS2_details"
                       class="testMethodDetails">
                     <div>
                        <b>Name:
                           
                        </b>testLoginWebPos1
                     </div>
                     <div>
                        <b>Signature:
                           
                        </b>testLoginWebPos1()[pri:0, instance:TestingAuto.WebPosTest.LoginWebPos@e5b723]
                     </div>
                     <div>
                        <b>Start time:
                           
                        </b>15:01:18
                     </div>
                     <div>
                        <b>End time:
                           
                        </b>15:01:25
                     </div>
                     <div>
                        <b>Duration:
                           
                        </b>8s
                        
                     </div>
                  </div>
               </td>
            </tr>
            <tr></tr>
            <tr id="TestingAuto.WebPosTest.LoginWebPos_testLoginWebPosFailed2_byClass_FAIL3_row"
                class="testMethodStatusFAIL">
               <td width="100%" class="firstMethodCell">
                  <a onclick="toggleDetailsVisibility('TestingAuto.WebPosTest.LoginWebPos_testLoginWebPosFailed2_byClass_FAIL3_details')">testLoginWebPosFailed2()</a>
               </td>
               <td nowrap="true">15:01:25</td>
               <td nowrap="true" align="right">1s
                  
               </td>
               <td nowrap="true">
                  <a onclick="toggleDetailsVisibility('TestingAuto.WebPosTest.LoginWebPos_testLoginWebPosFailed2_byClass_FAIL3_exception')">org.openqa.selenium.UnhandledAlertException: 
                     Modal dialog present: Confirm the exit!
                     Build info: version: '2.37.0', revision: 'a7c61cb', time: '2013-10-18 17:14:00'
                     System info: host: 'FrankWang-PC', ip: '10.100.70.144', os.name: 'Windows Vista', os.arch: 'x86', os.version: '6.1', java.version:
                     '1.6.0_10-rc2'
                     Session ID: 25459fc8-3b25-4715-8bfc-14454dcc0dbc
                     Driver info: org.openqa.selenium.ie.InternetExplorerDriver
                     Capabilities [{platform=WINDOWS, javascriptEnabled=true, elementScrollBehavior=0, enablePersistentHover=true, ignoreZoomSetting=true,
                     ie.ensureCleanSession=false, browserName=internet explorer, enableElementCacheCleanup=true, unexpectedAlertBehaviour=dismiss,
                     version=6, ie.usePerProcessProxy=false, cssSelectorsEnabled=true, ignoreProtectedModeSettings=true, requireWindowFocus=false,
                     initialBrowserUrl=http://localhost:7950/, handlesAlerts=true, ie.forceCreateProcessApi=false, nativeEvents=true, browserAttachTimeout=0,
                     ie.browserCommandLineSwitches=-private, takesScreenshot=true}]
                     
                  </a>
                   
                  
               </td>
            </tr>
            <tr>
               <td colspan="4"
                   style="padding: 0; background-color: white; border-style: none; height: 0px;">
                  <div id="TestingAuto.WebPosTest.LoginWebPos_testLoginWebPosFailed2_byClass_FAIL3_details"
                       class="testMethodDetails">
                     <div>
                        <b>Name:
                           
                        </b>testLoginWebPosFailed2
                     </div>
                     <div>
                        <b>Signature:
                           
                        </b>testLoginWebPosFailed2()[pri:0, instance:TestingAuto.WebPosTest.LoginWebPos@e5b723]
                     </div>
                     <div>
                        <b>Start time:
                           
                        </b>15:01:25
                     </div>
                     <div>
                        <b>End time:
                           
                        </b>15:01:26
                     </div>
                     <div>
                        <b>Duration:
                           
                        </b>1s
                        
                     </div>
                  </div>
               </td>
            </tr>
            <tr>
               <td colspan="4"
                   style="padding: 0; background-color: white; border-style: none; height: 0px;">
                  <div id="TestingAuto.WebPosTest.LoginWebPos_testLoginWebPosFailed2_byClass_FAIL3_exception"
                       class="testMethodDetails">
                     <pre style="padding: 5px; margin: 0;">org.openqa.selenium.UnhandledAlertException: Modal dialog present: Confirm the exit!
                        Build info: version: '2.37.0', revision: 'a7c61cb', time: '2013-10-18 17:14:00'
                        System info: host: 'FrankWang-PC', ip: '10.100.70.144', os.name: 'Windows Vista', os.arch: 'x86', os.version: '6.1', java.version:
                        '1.6.0_10-rc2'
                        Session ID: 25459fc8-3b25-4715-8bfc-14454dcc0dbc
                        Driver info: org.openqa.selenium.ie.InternetExplorerDriver
                        Capabilities [{platform=WINDOWS, javascriptEnabled=true, elementScrollBehavior=0, enablePersistentHover=true, ignoreZoomSetting=true,
                        ie.ensureCleanSession=false, browserName=internet explorer, enableElementCacheCleanup=true, unexpectedAlertBehaviour=dismiss,
                        version=6, ie.usePerProcessProxy=false, cssSelectorsEnabled=true, ignoreProtectedModeSettings=true, requireWindowFocus=false,
                        initialBrowserUrl=http://localhost:7950/, handlesAlerts=true, ie.forceCreateProcessApi=false, nativeEvents=true, browserAttachTimeout=0,
                        ie.browserCommandLineSwitches=-private, takesScreenshot=true}]
                        	at sun.reflect.NativeConstructorAccessorImpl.newInstance0(Native Method)
                        	at sun.reflect.NativeConstructorAccessorImpl.newInstance(NativeConstructorAccessorImpl.java:39)
                        	at sun.reflect.DelegatingConstructorAccessorImpl.newInstance(DelegatingConstructorAccessorImpl.java:27)
                        	at java.lang.reflect.Constructor.newInstance(Constructor.java:513)
                        	at org.openqa.selenium.remote.ErrorHandler.createThrowable(ErrorHandler.java:193)
                        	at org.openqa.selenium.remote.ErrorHandler.createUnhandledAlertException(ErrorHandler.java:174)
                        	at org.openqa.selenium.remote.ErrorHandler.throwIfResponseFailed(ErrorHandler.java:141)
                        	at org.openqa.selenium.remote.RemoteWebDriver.execute(RemoteWebDriver.java:554)
                        	at org.openqa.selenium.remote.RemoteWebDriver.get(RemoteWebDriver.java:276)
                        	at TestingAuto.WebPosTest.LoginWebPos.login(LoginWebPos.java:60)
                        	at TestingAuto.WebPosTest.LoginWebPos.testLoginWebPosFailed2(LoginWebPos.java:50)
                        	at sun.reflect.NativeMethodAccessorImpl.invoke0(Native Method)
                        	at sun.reflect.NativeMethodAccessorImpl.invoke(NativeMethodAccessorImpl.java:39)
                        	at sun.reflect.DelegatingMethodAccessorImpl.invoke(DelegatingMethodAccessorImpl.java:25)
                        	at java.lang.reflect.Method.invoke(Method.java:597)
                        	at org.testng.internal.MethodInvocationHelper.invokeMethod(MethodInvocationHelper.java:84)
                        	at org.testng.internal.Invoker.invokeMethod(Invoker.java:714)
                        	at org.testng.internal.Invoker.invokeTestMethod(Invoker.java:901)
                        	at org.testng.internal.Invoker.invokeTestMethods(Invoker.java:1231)
                        	at org.testng.internal.TestMethodWorker.invokeTestMethods(TestMethodWorker.java:127)
                        	at org.testng.internal.TestMethodWorker.run(TestMethodWorker.java:111)
                        	at org.testng.TestRunner.privateRun(TestRunner.java:767)
                        	at org.testng.TestRunner.run(TestRunner.java:617)
                        	at org.testng.SuiteRunner.runTest(SuiteRunner.java:334)
                        	at org.testng.SuiteRunner.runSequentially(SuiteRunner.java:329)
                        	at org.testng.SuiteRunner.privateRun(SuiteRunner.java:291)
                        	at org.testng.SuiteRunner.run(SuiteRunner.java:240)
                        	at org.testng.SuiteRunnerWorker.runSuite(SuiteRunnerWorker.java:52)
                        	at org.testng.SuiteRunnerWorker.run(SuiteRunnerWorker.java:86)
                        	at org.testng.TestNG.runSuitesSequentially(TestNG.java:1224)
                        	at org.testng.TestNG.runSuitesLocally(TestNG.java:1149)
                        	at org.testng.TestNG.run(TestNG.java:1057)
                        	at org.testng.remote.RemoteTestNG.run(RemoteTestNG.java:111)
                        	at org.testng.remote.RemoteTestNG.initAndRun(RemoteTestNG.java:204)
                        	at org.testng.remote.RemoteTestNG.main(RemoteTestNG.java:175)
                     </pre>
                  </div>
               </td>
            </tr>
            <tr id="TestingAuto.WebPosTest.LoginWebPos_afterClass_byClass_PASS4_row"
                class="testMethodStatusPASS testMethodStatusCONF">
               <td width="100%" class="firstMethodCell">
                  <a onclick="toggleDetailsVisibility('TestingAuto.WebPosTest.LoginWebPos_afterClass_byClass_PASS4_details')">afterClass()</a>
               </td>
               <td nowrap="true">15:01:26</td>
               <td nowrap="true" align="right">1s
                  
               </td>
               <td nowrap="true">
                   
                  
               </td>
            </tr>
            <tr>
               <td colspan="4"
                   style="padding: 0; background-color: white; border-style: none; height: 0px;">
                  <div id="TestingAuto.WebPosTest.LoginWebPos_afterClass_byClass_PASS4_details"
                       class="testMethodDetails">
                     <div>
                        <b>Name:
                           
                        </b>afterClass
                     </div>
                     <div>
                        <b>Signature:
                           
                        </b>afterClass()[pri:0, instance:TestingAuto.WebPosTest.LoginWebPos@e5b723]
                     </div>
                     <div>
                        <b>Start time:
                           
                        </b>15:01:26
                     </div>
                     <div>
                        <b>End time:
                           
                        </b>15:01:28
                     </div>
                     <div>
                        <b>Duration:
                           
                        </b>1s
                        
                     </div>
                  </div>
               </td>
            </tr>
            <tr></tr>
         </table>
         <br></br>
      </div>
      <div style="margin-top: 15px; color: gray; text-align: center; font-size: 9px;">
         Generated with
         
         <a href="http://code.google.com/p/testng-xslt/" style="color: #8888aa;"
            target="_blank">
            TestNG XSLT
            
         </a>
      </div>
   </body>
</html>